<?xml version="1.0" encoding="UTF-8"?>
<testsuite name="Lecture6ExercisesTest" tests="1" skipped="0" failures="0" errors="0" timestamp="2023-04-19T17:30:32" hostname="DESKTOP-VS0DMGU" time="0.025">
  <properties/>
  <testcase name="arrayToList()" classname="Lecture6ExercisesTest" time="0.025"/>
  <system-out><![CDATA[]]></system-out>
  <system-err><![CDATA[]]></system-err>
</testsuite>
